<?xml version="1.0" encoding="UTF-8"?>
<!-- Generated by org.testng.reporters.JUnitReportReporter -->
<testsuite hostname="DESKTOP-7EUDCAL" failures="0" tests="1" name="testCases.LoginTest" time="5.436" errors="0" timestamp="2023-05-17T00:56:48 GMT-04:00" skipped="0">
  <testcase classname="testCases.LoginTest" name="verifyValidLogin" time="5.436"/>
  <system-out/>
</testsuite> <!-- testCases.LoginTest -->
